<?xml version="1.0" encoding="UTF-8"?>
<testng-results ignored="0" total="7" passed="5" failed="2" skipped="0">
  <reporter-output>
  </reporter-output>
  <suite started-at="2023-06-04T22:24:16 BST" name="Suite" finished-at="2023-06-04T22:25:06 BST" duration-ms="49745">
    <groups>
      <group name="Smoke">
        <method signature="ApplicationTest.verifyApplicationIsLaunchedSuccessfully()[pri:1, instance:com.application.tests.ApplicationTest@4b8ee4de]" name="verifyApplicationIsLaunchedSuccessfully" class="com.application.tests.ApplicationTest"/>
      </group> <!-- Smoke -->
    </groups>
    <test started-at="2023-06-04T22:24:16 BST" name="Test" finished-at="2023-06-04T22:25:06 BST" duration-ms="49745">
      <class name="com.application.tests.ApplicationTest">
        <test-method is-config="true" signature="setupReport()[pri:0, instance:com.application.tests.ApplicationTest@4b8ee4de]" started-at="2023-06-04T22:24:16 BST" name="setupReport" finished-at="2023-06-04T22:24:16 BST" duration-ms="173" status="PASS">
          <reporter-output>
          </reporter-output>
        </test-method> <!-- setupReport -->
        <test-method is-config="true" signature="setupBrowser(java.lang.String)[pri:0, instance:com.application.tests.ApplicationTest@4b8ee4de]" started-at="2023-06-04T22:24:16 BST" name="setupBrowser" finished-at="2023-06-04T22:24:19 BST" duration-ms="2205" status="PASS">
          <params>
            <param index="0">
              <value>
                <![CDATA[chrome]]>
              </value>
            </param>
          </params>
          <reporter-output>
          </reporter-output>
        </test-method> <!-- setupBrowser -->
        <test-method is-config="true" signature="intialisePageClasses()[pri:0, instance:com.application.tests.ApplicationTest@4b8ee4de]" started-at="2023-06-04T22:24:19 BST" name="intialisePageClasses" finished-at="2023-06-04T22:24:19 BST" depends-on-methods="com.framework.base.BasePage.setupBrowser" duration-ms="22" status="PASS">
          <reporter-output>
          </reporter-output>
        </test-method> <!-- intialisePageClasses -->
        <test-method signature="verifyApplicationIsLaunchedSuccessfully()[pri:1, instance:com.application.tests.ApplicationTest@4b8ee4de]" started-at="2023-06-04T22:24:19 BST" name="verifyApplicationIsLaunchedSuccessfully" finished-at="2023-06-04T22:24:21 BST" duration-ms="2115" status="PASS">
          <reporter-output>
          </reporter-output>
        </test-method> <!-- verifyApplicationIsLaunchedSuccessfully -->
        <test-method is-config="true" signature="closeBrowser()[pri:0, instance:com.application.tests.ApplicationTest@4b8ee4de]" started-at="2023-06-04T22:24:21 BST" name="closeBrowser" finished-at="2023-06-04T22:24:21 BST" duration-ms="130" status="PASS">
          <reporter-output>
          </reporter-output>
        </test-method> <!-- closeBrowser -->
        <test-method is-config="true" signature="setupBrowser(java.lang.String)[pri:0, instance:com.application.tests.ApplicationTest@4b8ee4de]" started-at="2023-06-04T22:24:21 BST" name="setupBrowser" finished-at="2023-06-04T22:24:22 BST" duration-ms="1044" status="PASS">
          <params>
            <param index="0">
              <value>
                <![CDATA[chrome]]>
              </value>
            </param>
          </params>
          <reporter-output>
          </reporter-output>
        </test-method> <!-- setupBrowser -->
        <test-method is-config="true" signature="intialisePageClasses()[pri:0, instance:com.application.tests.ApplicationTest@4b8ee4de]" started-at="2023-06-04T22:24:22 BST" name="intialisePageClasses" finished-at="2023-06-04T22:24:22 BST" depends-on-methods="com.framework.base.BasePage.setupBrowser" duration-ms="2" status="PASS">
          <reporter-output>
          </reporter-output>
        </test-method> <!-- intialisePageClasses -->
        <test-method signature="verifyApplicationLogoAndCaption()[pri:2, instance:com.application.tests.ApplicationTest@4b8ee4de]" started-at="2023-06-04T22:24:22 BST" name="verifyApplicationLogoAndCaption" finished-at="2023-06-04T22:24:24 BST" duration-ms="1741" status="PASS">
          <reporter-output>
          </reporter-output>
        </test-method> <!-- verifyApplicationLogoAndCaption -->
        <test-method is-config="true" signature="closeBrowser()[pri:0, instance:com.application.tests.ApplicationTest@4b8ee4de]" started-at="2023-06-04T22:24:24 BST" name="closeBrowser" finished-at="2023-06-04T22:24:24 BST" duration-ms="144" status="PASS">
          <reporter-output>
          </reporter-output>
        </test-method> <!-- closeBrowser -->
        <test-method is-config="true" signature="setupBrowser(java.lang.String)[pri:0, instance:com.application.tests.ApplicationTest@4b8ee4de]" started-at="2023-06-04T22:24:24 BST" name="setupBrowser" finished-at="2023-06-04T22:24:25 BST" duration-ms="1032" status="PASS">
          <params>
            <param index="0">
              <value>
                <![CDATA[chrome]]>
              </value>
            </param>
          </params>
          <reporter-output>
          </reporter-output>
        </test-method> <!-- setupBrowser -->
        <test-method is-config="true" signature="intialisePageClasses()[pri:0, instance:com.application.tests.ApplicationTest@4b8ee4de]" started-at="2023-06-04T22:24:25 BST" name="intialisePageClasses" finished-at="2023-06-04T22:24:25 BST" depends-on-methods="com.framework.base.BasePage.setupBrowser" duration-ms="4" status="PASS">
          <reporter-output>
          </reporter-output>
        </test-method> <!-- intialisePageClasses -->
        <test-method signature="verifyApplicationHeader()[pri:3, instance:com.application.tests.ApplicationTest@4b8ee4de]" started-at="2023-06-04T22:24:25 BST" name="verifyApplicationHeader" finished-at="2023-06-04T22:24:27 BST" duration-ms="2252" status="PASS">
          <reporter-output>
          </reporter-output>
        </test-method> <!-- verifyApplicationHeader -->
        <test-method is-config="true" signature="closeBrowser()[pri:0, instance:com.application.tests.ApplicationTest@4b8ee4de]" started-at="2023-06-04T22:24:27 BST" name="closeBrowser" finished-at="2023-06-04T22:24:28 BST" duration-ms="132" status="PASS">
          <reporter-output>
          </reporter-output>
        </test-method> <!-- closeBrowser -->
        <test-method is-config="true" signature="setupBrowser(java.lang.String)[pri:0, instance:com.application.tests.ApplicationTest@4b8ee4de]" started-at="2023-06-04T22:24:28 BST" name="setupBrowser" finished-at="2023-06-04T22:24:29 BST" duration-ms="1028" status="PASS">
          <params>
            <param index="0">
              <value>
                <![CDATA[chrome]]>
              </value>
            </param>
          </params>
          <reporter-output>
          </reporter-output>
        </test-method> <!-- setupBrowser -->
        <test-method is-config="true" signature="intialisePageClasses()[pri:0, instance:com.application.tests.ApplicationTest@4b8ee4de]" started-at="2023-06-04T22:24:29 BST" name="intialisePageClasses" finished-at="2023-06-04T22:24:29 BST" depends-on-methods="com.framework.base.BasePage.setupBrowser" duration-ms="2" status="PASS">
          <reporter-output>
          </reporter-output>
        </test-method> <!-- intialisePageClasses -->
        <test-method signature="verifyApplicationLoginIsSuccessful(java.lang.String,java.lang.String)[pri:4, instance:com.application.tests.ApplicationTest@4b8ee4de]" started-at="2023-06-04T22:24:29 BST" name="verifyApplicationLoginIsSuccessful" data-provider="testData" finished-at="2023-06-04T22:24:43 BST" duration-ms="14722" status="FAIL">
          <params>
            <param index="0">
              <value>
                <![CDATA[abc]]>
              </value>
            </param>
            <param index="1">
              <value>
                <![CDATA[123]]>
              </value>
            </param>
          </params>
          <exception class="org.openqa.selenium.TimeoutException">
            <message>
              <![CDATA[Expected condition failed: waiting for number of elements found by By.xpath: //h2[text()='Account Services'] to be more than "0". Current number: "0" (tried for 10 second(s) with 500 milliseconds interval)
Build info: version: '4.9.0', revision: 'd7057100a6'
System info: os.name: 'Windows 11', os.arch: 'amd64', os.version: '10.0', java.version: '17.0.6'
Driver info: org.openqa.selenium.chrome.ChromeDriver
Capabilities {acceptInsecureCerts: false, browserName: chrome, browserVersion: 114.0.5735.91, chrome: {chromedriverVersion: 114.0.5735.90 (386bc09e8f4f..., userDataDir: C:\Users\kanus\AppData\Loca...}, goog:chromeOptions: {debuggerAddress: localhost:55960}, networkConnectionEnabled: false, pageLoadStrategy: normal, platformName: WINDOWS, proxy: Proxy(), se:cdp: ws://localhost:55960/devtoo..., se:cdpVersion: 114.0.5735.91, setWindowRect: true, strictFileInteractability: false, timeouts: {implicit: 0, pageLoad: 300000, script: 30000}, unhandledPromptBehavior: dismiss and notify, webauthn:extension:credBlob: true, webauthn:extension:largeBlob: true, webauthn:extension:minPinLength: true, webauthn:extension:prf: true, webauthn:virtualAuthenticators: true}
Session ID: b229da9c497167dab4bb12d3b02e8367]]>
            </message>
            <full-stacktrace>
              <![CDATA[org.openqa.selenium.TimeoutException: Expected condition failed: waiting for number of elements found by By.xpath: //h2[text()='Account Services'] to be more than "0". Current number: "0" (tried for 10 second(s) with 500 milliseconds interval)
Build info: version: '4.9.0', revision: 'd7057100a6'
System info: os.name: 'Windows 11', os.arch: 'amd64', os.version: '10.0', java.version: '17.0.6'
Driver info: org.openqa.selenium.chrome.ChromeDriver
Capabilities {acceptInsecureCerts: false, browserName: chrome, browserVersion: 114.0.5735.91, chrome: {chromedriverVersion: 114.0.5735.90 (386bc09e8f4f..., userDataDir: C:\Users\kanus\AppData\Loca...}, goog:chromeOptions: {debuggerAddress: localhost:55960}, networkConnectionEnabled: false, pageLoadStrategy: normal, platformName: WINDOWS, proxy: Proxy(), se:cdp: ws://localhost:55960/devtoo..., se:cdpVersion: 114.0.5735.91, setWindowRect: true, strictFileInteractability: false, timeouts: {implicit: 0, pageLoad: 300000, script: 30000}, unhandledPromptBehavior: dismiss and notify, webauthn:extension:credBlob: true, webauthn:extension:largeBlob: true, webauthn:extension:minPinLength: true, webauthn:extension:prf: true, webauthn:virtualAuthenticators: true}
Session ID: b229da9c497167dab4bb12d3b02e8367
at org.openqa.selenium.support.ui.WebDriverWait.timeoutException(WebDriverWait.java:87)
at org.openqa.selenium.support.ui.FluentWait.until(FluentWait.java:231)
at com.framework.commons.WebCommons.waitForElement(WebCommons.java:114)
at com.application.steps.LoginPageSteps.verifyLoginIsSuccessful(LoginPageSteps.java:48)
at com.application.tests.ApplicationTest.verifyApplicationLoginIsSuccessful(ApplicationTest.java:30)
at java.base/jdk.internal.reflect.NativeMethodAccessorImpl.invoke0(Native Method)
at java.base/jdk.internal.reflect.NativeMethodAccessorImpl.invoke(NativeMethodAccessorImpl.java:77)
at java.base/jdk.internal.reflect.DelegatingMethodAccessorImpl.invoke(DelegatingMethodAccessorImpl.java:43)
at java.base/java.lang.reflect.Method.invoke(Method.java:568)
at org.testng.internal.MethodInvocationHelper.invokeMethod(MethodInvocationHelper.java:133)
at org.testng.internal.TestInvoker.invokeMethod(TestInvoker.java:598)
at org.testng.internal.TestInvoker.invokeTestMethod(TestInvoker.java:173)
at org.testng.internal.MethodRunner.runInSequence(MethodRunner.java:46)
at org.testng.internal.TestInvoker$MethodInvocationAgent.invoke(TestInvoker.java:824)
at org.testng.internal.TestInvoker.invokeTestMethods(TestInvoker.java:146)
at org.testng.internal.TestMethodWorker.invokeTestMethods(TestMethodWorker.java:146)
at org.testng.internal.TestMethodWorker.run(TestMethodWorker.java:128)
at java.base/java.util.ArrayList.forEach(ArrayList.java:1511)
at org.testng.TestRunner.privateRun(TestRunner.java:794)
at org.testng.TestRunner.run(TestRunner.java:596)
at org.testng.SuiteRunner.runTest(SuiteRunner.java:377)
at org.testng.SuiteRunner.runSequentially(SuiteRunner.java:371)
at org.testng.SuiteRunner.privateRun(SuiteRunner.java:332)
at org.testng.SuiteRunner.run(SuiteRunner.java:276)
at org.testng.SuiteRunnerWorker.runSuite(SuiteRunnerWorker.java:53)
at org.testng.SuiteRunnerWorker.run(SuiteRunnerWorker.java:96)
at org.testng.TestNG.runSuitesSequentially(TestNG.java:1212)
at org.testng.TestNG.runSuitesLocally(TestNG.java:1134)
at org.testng.TestNG.runSuites(TestNG.java:1063)
at org.testng.TestNG.run(TestNG.java:1031)
at org.testng.remote.AbstractRemoteTestNG.run(AbstractRemoteTestNG.java:115)
at org.testng.remote.RemoteTestNG.initAndRun(RemoteTestNG.java:251)
at org.testng.remote.RemoteTestNG.main(RemoteTestNG.java:77)
]]>
            </full-stacktrace>
          </exception> <!-- org.openqa.selenium.TimeoutException -->
          <reporter-output>
          </reporter-output>
        </test-method> <!-- verifyApplicationLoginIsSuccessful -->
        <test-method is-config="true" signature="closeBrowser()[pri:0, instance:com.application.tests.ApplicationTest@4b8ee4de]" started-at="2023-06-04T22:24:44 BST" name="closeBrowser" finished-at="2023-06-04T22:24:44 BST" duration-ms="215" status="PASS">
          <reporter-output>
          </reporter-output>
        </test-method> <!-- closeBrowser -->
        <test-method is-config="true" signature="setupBrowser(java.lang.String)[pri:0, instance:com.application.tests.ApplicationTest@4b8ee4de]" started-at="2023-06-04T22:24:44 BST" name="setupBrowser" finished-at="2023-06-04T22:24:45 BST" duration-ms="1043" status="PASS">
          <params>
            <param index="0">
              <value>
                <![CDATA[chrome]]>
              </value>
            </param>
          </params>
          <reporter-output>
          </reporter-output>
        </test-method> <!-- setupBrowser -->
        <test-method signature="verifyApplicationLoginIsSuccessful(java.lang.String,java.lang.String)[pri:4, instance:com.application.tests.ApplicationTest@4b8ee4de]" started-at="2023-06-04T22:24:45 BST" name="verifyApplicationLoginIsSuccessful" data-provider="testData" finished-at="2023-06-04T22:24:58 BST" duration-ms="13325" status="FAIL">
          <params>
            <param index="0">
              <value>
                <![CDATA[xyz]]>
              </value>
            </param>
            <param index="1">
              <value>
                <![CDATA[xyz123]]>
              </value>
            </param>
          </params>
          <exception class="org.openqa.selenium.TimeoutException">
            <message>
              <![CDATA[Expected condition failed: waiting for number of elements found by By.xpath: //h2[text()='Account Services'] to be more than "0". Current number: "0" (tried for 10 second(s) with 500 milliseconds interval)
Build info: version: '4.9.0', revision: 'd7057100a6'
System info: os.name: 'Windows 11', os.arch: 'amd64', os.version: '10.0', java.version: '17.0.6'
Driver info: org.openqa.selenium.chrome.ChromeDriver
Capabilities {acceptInsecureCerts: false, browserName: chrome, browserVersion: 114.0.5735.91, chrome: {chromedriverVersion: 114.0.5735.90 (386bc09e8f4f..., userDataDir: C:\Users\kanus\AppData\Loca...}, goog:chromeOptions: {debuggerAddress: localhost:55976}, networkConnectionEnabled: false, pageLoadStrategy: normal, platformName: WINDOWS, proxy: Proxy(), se:cdp: ws://localhost:55976/devtoo..., se:cdpVersion: 114.0.5735.91, setWindowRect: true, strictFileInteractability: false, timeouts: {implicit: 0, pageLoad: 300000, script: 30000}, unhandledPromptBehavior: dismiss and notify, webauthn:extension:credBlob: true, webauthn:extension:largeBlob: true, webauthn:extension:minPinLength: true, webauthn:extension:prf: true, webauthn:virtualAuthenticators: true}
Session ID: 59b09aeb9adbbb230d7cc15eec0ead69]]>
            </message>
            <full-stacktrace>
              <![CDATA[org.openqa.selenium.TimeoutException: Expected condition failed: waiting for number of elements found by By.xpath: //h2[text()='Account Services'] to be more than "0". Current number: "0" (tried for 10 second(s) with 500 milliseconds interval)
Build info: version: '4.9.0', revision: 'd7057100a6'
System info: os.name: 'Windows 11', os.arch: 'amd64', os.version: '10.0', java.version: '17.0.6'
Driver info: org.openqa.selenium.chrome.ChromeDriver
Capabilities {acceptInsecureCerts: false, browserName: chrome, browserVersion: 114.0.5735.91, chrome: {chromedriverVersion: 114.0.5735.90 (386bc09e8f4f..., userDataDir: C:\Users\kanus\AppData\Loca...}, goog:chromeOptions: {debuggerAddress: localhost:55976}, networkConnectionEnabled: false, pageLoadStrategy: normal, platformName: WINDOWS, proxy: Proxy(), se:cdp: ws://localhost:55976/devtoo..., se:cdpVersion: 114.0.5735.91, setWindowRect: true, strictFileInteractability: false, timeouts: {implicit: 0, pageLoad: 300000, script: 30000}, unhandledPromptBehavior: dismiss and notify, webauthn:extension:credBlob: true, webauthn:extension:largeBlob: true, webauthn:extension:minPinLength: true, webauthn:extension:prf: true, webauthn:virtualAuthenticators: true}
Session ID: 59b09aeb9adbbb230d7cc15eec0ead69
at org.openqa.selenium.support.ui.WebDriverWait.timeoutException(WebDriverWait.java:87)
at org.openqa.selenium.support.ui.FluentWait.until(FluentWait.java:231)
at com.framework.commons.WebCommons.waitForElement(WebCommons.java:114)
at com.application.steps.LoginPageSteps.verifyLoginIsSuccessful(LoginPageSteps.java:48)
at com.application.tests.ApplicationTest.verifyApplicationLoginIsSuccessful(ApplicationTest.java:30)
at java.base/jdk.internal.reflect.NativeMethodAccessorImpl.invoke0(Native Method)
at java.base/jdk.internal.reflect.NativeMethodAccessorImpl.invoke(NativeMethodAccessorImpl.java:77)
at java.base/jdk.internal.reflect.DelegatingMethodAccessorImpl.invoke(DelegatingMethodAccessorImpl.java:43)
at java.base/java.lang.reflect.Method.invoke(Method.java:568)
at org.testng.internal.MethodInvocationHelper.invokeMethod(MethodInvocationHelper.java:133)
at org.testng.internal.TestInvoker.invokeMethod(TestInvoker.java:598)
at org.testng.internal.TestInvoker.invokeTestMethod(TestInvoker.java:173)
at org.testng.internal.MethodRunner.runInSequence(MethodRunner.java:46)
at org.testng.internal.TestInvoker$MethodInvocationAgent.invoke(TestInvoker.java:824)
at org.testng.internal.TestInvoker.invokeTestMethods(TestInvoker.java:146)
at org.testng.internal.TestMethodWorker.invokeTestMethods(TestMethodWorker.java:146)
at org.testng.internal.TestMethodWorker.run(TestMethodWorker.java:128)
at java.base/java.util.ArrayList.forEach(ArrayList.java:1511)
at org.testng.TestRunner.privateRun(TestRunner.java:794)
at org.testng.TestRunner.run(TestRunner.java:596)
at org.testng.SuiteRunner.runTest(SuiteRunner.java:377)
at org.testng.SuiteRunner.runSequentially(SuiteRunner.java:371)
at org.testng.SuiteRunner.privateRun(SuiteRunner.java:332)
at org.testng.SuiteRunner.run(SuiteRunner.java:276)
at org.testng.SuiteRunnerWorker.runSuite(SuiteRunnerWorker.java:53)
at org.testng.SuiteRunnerWorker.run(SuiteRunnerWorker.java:96)
at org.testng.TestNG.runSuitesSequentially(TestNG.java:1212)
at org.testng.TestNG.runSuitesLocally(TestNG.java:1134)
at org.testng.TestNG.runSuites(TestNG.java:1063)
at org.testng.TestNG.run(TestNG.java:1031)
at org.testng.remote.AbstractRemoteTestNG.run(AbstractRemoteTestNG.java:115)
at org.testng.remote.RemoteTestNG.initAndRun(RemoteTestNG.java:251)
at org.testng.remote.RemoteTestNG.main(RemoteTestNG.java:77)
]]>
            </full-stacktrace>
          </exception> <!-- org.openqa.selenium.TimeoutException -->
          <reporter-output>
          </reporter-output>
        </test-method> <!-- verifyApplicationLoginIsSuccessful -->
        <test-method is-config="true" signature="intialisePageClasses()[pri:0, instance:com.application.tests.ApplicationTest@4b8ee4de]" started-at="2023-06-04T22:24:45 BST" name="intialisePageClasses" finished-at="2023-06-04T22:24:45 BST" depends-on-methods="com.framework.base.BasePage.setupBrowser" duration-ms="0" status="PASS">
          <reporter-output>
          </reporter-output>
        </test-method> <!-- intialisePageClasses -->
        <test-method is-config="true" signature="closeBrowser()[pri:0, instance:com.application.tests.ApplicationTest@4b8ee4de]" started-at="2023-06-04T22:24:58 BST" name="closeBrowser" finished-at="2023-06-04T22:24:59 BST" duration-ms="168" status="PASS">
          <reporter-output>
          </reporter-output>
        </test-method> <!-- closeBrowser -->
        <test-method is-config="true" signature="setupBrowser(java.lang.String)[pri:0, instance:com.application.tests.ApplicationTest@4b8ee4de]" started-at="2023-06-04T22:24:59 BST" name="setupBrowser" finished-at="2023-06-04T22:25:00 BST" duration-ms="971" status="PASS">
          <params>
            <param index="0">
              <value>
                <![CDATA[chrome]]>
              </value>
            </param>
          </params>
          <reporter-output>
          </reporter-output>
        </test-method> <!-- setupBrowser -->
        <test-method signature="verifyRegistrationPageIsLaunched()[pri:5, instance:com.application.tests.ApplicationTest@4b8ee4de]" started-at="2023-06-04T22:25:00 BST" name="verifyRegistrationPageIsLaunched" finished-at="2023-06-04T22:25:02 BST" duration-ms="2595" status="PASS">
          <reporter-output>
          </reporter-output>
        </test-method> <!-- verifyRegistrationPageIsLaunched -->
        <test-method is-config="true" signature="intialisePageClasses()[pri:0, instance:com.application.tests.ApplicationTest@4b8ee4de]" started-at="2023-06-04T22:25:00 BST" name="intialisePageClasses" finished-at="2023-06-04T22:25:00 BST" depends-on-methods="com.framework.base.BasePage.setupBrowser" duration-ms="0" status="PASS">
          <reporter-output>
          </reporter-output>
        </test-method> <!-- intialisePageClasses -->
        <test-method is-config="true" signature="closeBrowser()[pri:0, instance:com.application.tests.ApplicationTest@4b8ee4de]" started-at="2023-06-04T22:25:02 BST" name="closeBrowser" finished-at="2023-06-04T22:25:02 BST" duration-ms="178" status="PASS">
          <reporter-output>
          </reporter-output>
        </test-method> <!-- closeBrowser -->
        <test-method is-config="true" signature="setupBrowser(java.lang.String)[pri:0, instance:com.application.tests.ApplicationTest@4b8ee4de]" started-at="2023-06-04T22:25:02 BST" name="setupBrowser" finished-at="2023-06-04T22:25:03 BST" duration-ms="982" status="PASS">
          <params>
            <param index="0">
              <value>
                <![CDATA[chrome]]>
              </value>
            </param>
          </params>
          <reporter-output>
          </reporter-output>
        </test-method> <!-- setupBrowser -->
        <test-method signature="verifyForgotPasswordPageIsLaunched()[pri:6, instance:com.application.tests.ApplicationTest@4b8ee4de]" started-at="2023-06-04T22:25:03 BST" name="verifyForgotPasswordPageIsLaunched" finished-at="2023-06-04T22:25:06 BST" duration-ms="2664" status="PASS">
          <reporter-output>
          </reporter-output>
        </test-method> <!-- verifyForgotPasswordPageIsLaunched -->
        <test-method is-config="true" signature="intialisePageClasses()[pri:0, instance:com.application.tests.ApplicationTest@4b8ee4de]" started-at="2023-06-04T22:25:03 BST" name="intialisePageClasses" finished-at="2023-06-04T22:25:03 BST" depends-on-methods="com.framework.base.BasePage.setupBrowser" duration-ms="0" status="PASS">
          <reporter-output>
          </reporter-output>
        </test-method> <!-- intialisePageClasses -->
        <test-method is-config="true" signature="closeBrowser()[pri:0, instance:com.application.tests.ApplicationTest@4b8ee4de]" started-at="2023-06-04T22:25:06 BST" name="closeBrowser" finished-at="2023-06-04T22:25:06 BST" duration-ms="156" status="PASS">
          <reporter-output>
          </reporter-output>
        </test-method> <!-- closeBrowser -->
      </class> <!-- com.application.tests.ApplicationTest -->
    </test> <!-- Test -->
  </suite> <!-- Suite -->
</testng-results>
